2018-04-08 18:15:41.689  INFO 11180 --- [main] com.farm.KxncApplication                 : Starting KxncApplication on wecube-PC with PID 11180 (D:\code\kxnc\target\classes started by wecube in D:\code\kxnc)
2018-04-08 18:15:41.705  INFO 11180 --- [main] com.farm.KxncApplication                 : The following profiles are active: dev
2018-04-08 18:15:41.803  INFO 11180 --- [main] ationConfigEmbeddedWebApplicationContext : Refreshing org.springframework.boot.context.embedded.AnnotationConfigEmbeddedWebApplicationContext@31dadd46: startup date [Sun Apr 08 18:15:41 CST 2018]; root of context hierarchy
2018-04-08 18:15:43.735  INFO 11180 --- [main] trationDelegate$BeanPostProcessorChecker : Bean 'org.springframework.transaction.annotation.ProxyTransactionManagementConfiguration' of type [org.springframework.transaction.annotation.ProxyTransactionManagementConfiguration$$EnhancerBySpringCGLIB$$a654396c] is not eligible for getting processed by all BeanPostProcessors (for example: not eligible for auto-proxying)
2018-04-08 18:15:44.181  INFO 11180 --- [main] s.b.c.e.t.TomcatEmbeddedServletContainer : Tomcat initialized with port(s): 8080 (http)
2018-04-08 18:15:44.192  INFO 11180 --- [main] o.apache.catalina.core.StandardService   : Starting service [Tomcat]
2018-04-08 18:15:44.193  INFO 11180 --- [main] org.apache.catalina.core.StandardEngine  : Starting Servlet Engine: Apache Tomcat/8.5.27
2018-04-08 18:15:44.334  INFO 11180 --- [localhost-startStop-1] o.a.c.c.C.[Tomcat].[localhost].[/]       : Initializing Spring embedded WebApplicationContext
2018-04-08 18:15:44.334  INFO 11180 --- [localhost-startStop-1] o.s.web.context.ContextLoader            : Root WebApplicationContext: initialization completed in 2536 ms
2018-04-08 18:15:44.499  INFO 11180 --- [localhost-startStop-1] o.s.b.w.servlet.ServletRegistrationBean  : Mapping servlet: 'dispatcherServlet' to [/]
2018-04-08 18:15:44.505  INFO 11180 --- [localhost-startStop-1] o.s.b.w.servlet.FilterRegistrationBean   : Mapping filter: 'characterEncodingFilter' to: [/*]
2018-04-08 18:15:44.506  INFO 11180 --- [localhost-startStop-1] o.s.b.w.servlet.FilterRegistrationBean   : Mapping filter: 'hiddenHttpMethodFilter' to: [/*]
2018-04-08 18:15:44.507  INFO 11180 --- [localhost-startStop-1] o.s.b.w.servlet.FilterRegistrationBean   : Mapping filter: 'httpPutFormContentFilter' to: [/*]
2018-04-08 18:15:44.507  INFO 11180 --- [localhost-startStop-1] o.s.b.w.servlet.FilterRegistrationBean   : Mapping filter: 'requestContextFilter' to: [/*]
2018-04-08 18:15:45.342  INFO 11180 --- [main] s.w.s.m.m.a.RequestMappingHandlerMapping : Mapped "{[/product/productList]}" onto public java.util.List<com.farm.dto.ProductInfoVO> com.farm.controller.ProductController.productList()
2018-04-08 18:15:45.345  INFO 11180 --- [main] s.w.s.m.m.a.RequestMappingHandlerMapping : Mapped "{[/product/addOrUpdateProduct]}" onto public com.farm.common.MessageResult com.farm.controller.ProductController.addProduct(com.farm.dto.ProductInfoVO)
2018-04-08 18:15:45.346  INFO 11180 --- [main] s.w.s.m.m.a.RequestMappingHandlerMapping : Mapped "{[/user/createOpenId]}" onto public void com.farm.controller.UserController.createOpenId(javax.servlet.http.HttpServletRequest,javax.servlet.http.HttpServletResponse)
2018-04-08 18:15:45.347  INFO 11180 --- [main] s.w.s.m.m.a.RequestMappingHandlerMapping : Mapped "{[/user/getCode]}" onto public void com.farm.controller.UserController.ReGuserServiceetOpenId(javax.servlet.http.HttpServletRequest,javax.servlet.http.HttpServletResponse)
2018-04-08 18:15:45.348  INFO 11180 --- [main] s.w.s.m.m.a.RequestMappingHandlerMapping : Mapped "{[/v2/api-docs],methods=[GET],produces=[application/json || application/hal+json]}" onto public org.springframework.http.ResponseEntity<springfox.documentation.spring.web.json.Json> springfox.documentation.swagger2.web.Swagger2Controller.getDocumentation(java.lang.String,javax.servlet.http.HttpServletRequest)
2018-04-08 18:15:45.352  INFO 11180 --- [main] s.w.s.m.m.a.RequestMappingHandlerMapping : Mapped "{[/swagger-resources/configuration/ui]}" onto org.springframework.http.ResponseEntity<springfox.documentation.swagger.web.UiConfiguration> springfox.documentation.swagger.web.ApiResourceController.uiConfiguration()
2018-04-08 18:15:45.353  INFO 11180 --- [main] s.w.s.m.m.a.RequestMappingHandlerMapping : Mapped "{[/swagger-resources]}" onto org.springframework.http.ResponseEntity<java.util.List<springfox.documentation.swagger.web.SwaggerResource>> springfox.documentation.swagger.web.ApiResourceController.swaggerResources()
2018-04-08 18:15:45.354  INFO 11180 --- [main] s.w.s.m.m.a.RequestMappingHandlerMapping : Mapped "{[/swagger-resources/configuration/security]}" onto org.springframework.http.ResponseEntity<springfox.documentation.swagger.web.SecurityConfiguration> springfox.documentation.swagger.web.ApiResourceController.securityConfiguration()
2018-04-08 18:15:45.359  INFO 11180 --- [main] s.w.s.m.m.a.RequestMappingHandlerMapping : Mapped "{[/error]}" onto public org.springframework.http.ResponseEntity<java.util.Map<java.lang.String, java.lang.Object>> org.springframework.boot.autoconfigure.web.BasicErrorController.error(javax.servlet.http.HttpServletRequest)
2018-04-08 18:15:45.359  INFO 11180 --- [main] s.w.s.m.m.a.RequestMappingHandlerMapping : Mapped "{[/error],produces=[text/html]}" onto public org.springframework.web.servlet.ModelAndView org.springframework.boot.autoconfigure.web.BasicErrorController.errorHtml(javax.servlet.http.HttpServletRequest,javax.servlet.http.HttpServletResponse)
2018-04-08 18:15:45.762  INFO 11180 --- [main] s.w.s.m.m.a.RequestMappingHandlerAdapter : Looking for @ControllerAdvice: org.springframework.boot.context.embedded.AnnotationConfigEmbeddedWebApplicationContext@31dadd46: startup date [Sun Apr 08 18:15:41 CST 2018]; root of context hierarchy
2018-04-08 18:15:45.830  INFO 11180 --- [main] o.s.w.s.handler.SimpleUrlHandlerMapping  : Mapped URL path [/webjars/**] onto handler of type [class org.springframework.web.servlet.resource.ResourceHttpRequestHandler]
2018-04-08 18:15:45.831  INFO 11180 --- [main] o.s.w.s.handler.SimpleUrlHandlerMapping  : Mapped URL path [/**] onto handler of type [class org.springframework.web.servlet.resource.ResourceHttpRequestHandler]
2018-04-08 18:15:45.898  INFO 11180 --- [main] o.s.w.s.handler.SimpleUrlHandlerMapping  : Mapped URL path [/**/favicon.ico] onto handler of type [class org.springframework.web.servlet.resource.ResourceHttpRequestHandler]
2018-04-08 18:15:46.306  INFO 11180 --- [main] o.s.j.e.a.AnnotationMBeanExporter        : Registering beans for JMX exposure on startup
2018-04-08 18:15:46.308  INFO 11180 --- [main] o.s.j.e.a.AnnotationMBeanExporter        : Bean with name 'dataSource' has been autodetected for JMX exposure
2018-04-08 18:15:46.315  INFO 11180 --- [main] o.s.j.e.a.AnnotationMBeanExporter        : Located MBean 'dataSource': registering with JMX server as MBean [com.alibaba.druid.pool:name=dataSource,type=DruidDataSource]
2018-04-08 18:15:46.319  INFO 11180 --- [main] o.s.c.support.DefaultLifecycleProcessor  : Starting beans in phase 2147483647
2018-04-08 18:15:46.321  INFO 11180 --- [main] d.s.w.p.DocumentationPluginsBootstrapper : Context refreshed
2018-04-08 18:15:46.346  INFO 11180 --- [main] d.s.w.p.DocumentationPluginsBootstrapper : Found 1 custom documentation plugin(s)
2018-04-08 18:15:46.364  INFO 11180 --- [main] s.d.s.w.s.ApiListingReferenceScanner     : Scanning for api listing references
2018-04-08 18:15:46.700  INFO 11180 --- [main] s.b.c.e.t.TomcatEmbeddedServletContainer : Tomcat started on port(s): 8080 (http)
2018-04-08 18:15:46.706  INFO 11180 --- [main] com.farm.KxncApplication                 : Started KxncApplication in 5.849 seconds (JVM running for 7.191)
2018-04-08 18:16:09.997  INFO 11180 --- [http-nio-8080-exec-1] o.a.c.c.C.[Tomcat].[localhost].[/]       : Initializing Spring FrameworkServlet 'dispatcherServlet'
2018-04-08 18:16:09.997  INFO 11180 --- [http-nio-8080-exec-1] o.s.web.servlet.DispatcherServlet        : FrameworkServlet 'dispatcherServlet': initialization started
2018-04-08 18:16:10.175  INFO 11180 --- [http-nio-8080-exec-1] o.s.web.servlet.DispatcherServlet        : FrameworkServlet 'dispatcherServlet': initialization completed in 178 ms
2018-04-08 18:20:45.813  INFO 10248 --- [main] com.farm.KxncApplication                 : Starting KxncApplication on wecube-PC with PID 10248 (D:\code\kxnc\target\classes started by wecube in D:\code\kxnc)
2018-04-08 18:20:45.818  INFO 10248 --- [main] com.farm.KxncApplication                 : The following profiles are active: dev
2018-04-08 18:20:46.024  INFO 10248 --- [main] ationConfigEmbeddedWebApplicationContext : Refreshing org.springframework.boot.context.embedded.AnnotationConfigEmbeddedWebApplicationContext@177bea38: startup date [Sun Apr 08 18:20:46 CST 2018]; root of context hierarchy
2018-04-08 18:20:47.648  INFO 10248 --- [main] trationDelegate$BeanPostProcessorChecker : Bean 'org.springframework.transaction.annotation.ProxyTransactionManagementConfiguration' of type [org.springframework.transaction.annotation.ProxyTransactionManagementConfiguration$$EnhancerBySpringCGLIB$$fadde915] is not eligible for getting processed by all BeanPostProcessors (for example: not eligible for auto-proxying)
2018-04-08 18:20:48.103  INFO 10248 --- [main] s.b.c.e.t.TomcatEmbeddedServletContainer : Tomcat initialized with port(s): 8080 (http)
2018-04-08 18:20:48.125  INFO 10248 --- [main] o.apache.catalina.core.StandardService   : Starting service [Tomcat]
2018-04-08 18:20:48.126  INFO 10248 --- [main] org.apache.catalina.core.StandardEngine  : Starting Servlet Engine: Apache Tomcat/8.5.27
2018-04-08 18:20:48.295  INFO 10248 --- [localhost-startStop-1] o.a.c.c.C.[Tomcat].[localhost].[/]       : Initializing Spring embedded WebApplicationContext
2018-04-08 18:20:48.295  INFO 10248 --- [localhost-startStop-1] o.s.web.context.ContextLoader            : Root WebApplicationContext: initialization completed in 2276 ms
2018-04-08 18:20:48.475  INFO 10248 --- [localhost-startStop-1] o.s.b.w.servlet.ServletRegistrationBean  : Mapping servlet: 'dispatcherServlet' to [/]
2018-04-08 18:20:48.480  INFO 10248 --- [localhost-startStop-1] o.s.b.w.servlet.FilterRegistrationBean   : Mapping filter: 'characterEncodingFilter' to: [/*]
2018-04-08 18:20:48.481  INFO 10248 --- [localhost-startStop-1] o.s.b.w.servlet.FilterRegistrationBean   : Mapping filter: 'hiddenHttpMethodFilter' to: [/*]
2018-04-08 18:20:48.482  INFO 10248 --- [localhost-startStop-1] o.s.b.w.servlet.FilterRegistrationBean   : Mapping filter: 'httpPutFormContentFilter' to: [/*]
2018-04-08 18:20:48.482  INFO 10248 --- [localhost-startStop-1] o.s.b.w.servlet.FilterRegistrationBean   : Mapping filter: 'requestContextFilter' to: [/*]
2018-04-08 18:20:49.317  INFO 10248 --- [main] s.w.s.m.m.a.RequestMappingHandlerMapping : Mapped "{[/product/addOrUpdateProduct],methods=[POST]}" onto public com.farm.common.MessageResult com.farm.controller.ProductController.addProduct(com.farm.dto.ProductInfoVO)
2018-04-08 18:20:49.318  INFO 10248 --- [main] s.w.s.m.m.a.RequestMappingHandlerMapping : Mapped "{[/product/productList],methods=[GET]}" onto public java.util.List<com.farm.dto.ProductInfoVO> com.farm.controller.ProductController.productList()
2018-04-08 18:20:49.319  INFO 10248 --- [main] s.w.s.m.m.a.RequestMappingHandlerMapping : Mapped "{[/user/createOpenId]}" onto public void com.farm.controller.UserController.createOpenId(javax.servlet.http.HttpServletRequest,javax.servlet.http.HttpServletResponse)
2018-04-08 18:20:49.320  INFO 10248 --- [main] s.w.s.m.m.a.RequestMappingHandlerMapping : Mapped "{[/user/getCode]}" onto public void com.farm.controller.UserController.ReGuserServiceetOpenId(javax.servlet.http.HttpServletRequest,javax.servlet.http.HttpServletResponse)
2018-04-08 18:20:49.321  INFO 10248 --- [main] s.w.s.m.m.a.RequestMappingHandlerMapping : Mapped "{[/v2/api-docs],methods=[GET],produces=[application/json || application/hal+json]}" onto public org.springframework.http.ResponseEntity<springfox.documentation.spring.web.json.Json> springfox.documentation.swagger2.web.Swagger2Controller.getDocumentation(java.lang.String,javax.servlet.http.HttpServletRequest)
2018-04-08 18:20:49.326  INFO 10248 --- [main] s.w.s.m.m.a.RequestMappingHandlerMapping : Mapped "{[/swagger-resources/configuration/security]}" onto org.springframework.http.ResponseEntity<springfox.documentation.swagger.web.SecurityConfiguration> springfox.documentation.swagger.web.ApiResourceController.securityConfiguration()
2018-04-08 18:20:49.327  INFO 10248 --- [main] s.w.s.m.m.a.RequestMappingHandlerMapping : Mapped "{[/swagger-resources/configuration/ui]}" onto org.springframework.http.ResponseEntity<springfox.documentation.swagger.web.UiConfiguration> springfox.documentation.swagger.web.ApiResourceController.uiConfiguration()
2018-04-08 18:20:49.328  INFO 10248 --- [main] s.w.s.m.m.a.RequestMappingHandlerMapping : Mapped "{[/swagger-resources]}" onto org.springframework.http.ResponseEntity<java.util.List<springfox.documentation.swagger.web.SwaggerResource>> springfox.documentation.swagger.web.ApiResourceController.swaggerResources()
2018-04-08 18:20:49.332  INFO 10248 --- [main] s.w.s.m.m.a.RequestMappingHandlerMapping : Mapped "{[/error]}" onto public org.springframework.http.ResponseEntity<java.util.Map<java.lang.String, java.lang.Object>> org.springframework.boot.autoconfigure.web.BasicErrorController.error(javax.servlet.http.HttpServletRequest)
2018-04-08 18:20:49.333  INFO 10248 --- [main] s.w.s.m.m.a.RequestMappingHandlerMapping : Mapped "{[/error],produces=[text/html]}" onto public org.springframework.web.servlet.ModelAndView org.springframework.boot.autoconfigure.web.BasicErrorController.errorHtml(javax.servlet.http.HttpServletRequest,javax.servlet.http.HttpServletResponse)
2018-04-08 18:20:49.758  INFO 10248 --- [main] s.w.s.m.m.a.RequestMappingHandlerAdapter : Looking for @ControllerAdvice: org.springframework.boot.context.embedded.AnnotationConfigEmbeddedWebApplicationContext@177bea38: startup date [Sun Apr 08 18:20:46 CST 2018]; root of context hierarchy
2018-04-08 18:20:49.836  INFO 10248 --- [main] o.s.w.s.handler.SimpleUrlHandlerMapping  : Mapped URL path [/webjars/**] onto handler of type [class org.springframework.web.servlet.resource.ResourceHttpRequestHandler]
2018-04-08 18:20:49.837  INFO 10248 --- [main] o.s.w.s.handler.SimpleUrlHandlerMapping  : Mapped URL path [/**] onto handler of type [class org.springframework.web.servlet.resource.ResourceHttpRequestHandler]
2018-04-08 18:20:49.882  INFO 10248 --- [main] o.s.w.s.handler.SimpleUrlHandlerMapping  : Mapped URL path [/**/favicon.ico] onto handler of type [class org.springframework.web.servlet.resource.ResourceHttpRequestHandler]
2018-04-08 18:20:50.259  INFO 10248 --- [main] o.s.j.e.a.AnnotationMBeanExporter        : Registering beans for JMX exposure on startup
2018-04-08 18:20:50.261  INFO 10248 --- [main] o.s.j.e.a.AnnotationMBeanExporter        : Bean with name 'dataSource' has been autodetected for JMX exposure
2018-04-08 18:20:50.267  INFO 10248 --- [main] o.s.j.e.a.AnnotationMBeanExporter        : Located MBean 'dataSource': registering with JMX server as MBean [com.alibaba.druid.pool:name=dataSource,type=DruidDataSource]
2018-04-08 18:20:50.273  INFO 10248 --- [main] o.s.c.support.DefaultLifecycleProcessor  : Starting beans in phase 2147483647
2018-04-08 18:20:50.273  INFO 10248 --- [main] d.s.w.p.DocumentationPluginsBootstrapper : Context refreshed
2018-04-08 18:20:50.292  INFO 10248 --- [main] d.s.w.p.DocumentationPluginsBootstrapper : Found 1 custom documentation plugin(s)
2018-04-08 18:20:50.309  INFO 10248 --- [main] s.d.s.w.s.ApiListingReferenceScanner     : Scanning for api listing references
2018-04-08 18:20:50.591  INFO 10248 --- [main] s.b.c.e.t.TomcatEmbeddedServletContainer : Tomcat started on port(s): 8080 (http)
2018-04-08 18:20:50.600  INFO 10248 --- [main] com.farm.KxncApplication                 : Started KxncApplication in 5.608 seconds (JVM running for 7.09)
2018-04-08 18:20:54.943  INFO 10248 --- [http-nio-8080-exec-1] o.a.c.c.C.[Tomcat].[localhost].[/]       : Initializing Spring FrameworkServlet 'dispatcherServlet'
2018-04-08 18:20:54.944  INFO 10248 --- [http-nio-8080-exec-1] o.s.web.servlet.DispatcherServlet        : FrameworkServlet 'dispatcherServlet': initialization started
2018-04-08 18:20:54.970  INFO 10248 --- [http-nio-8080-exec-1] o.s.web.servlet.DispatcherServlet        : FrameworkServlet 'dispatcherServlet': initialization completed in 26 ms
